*** Using Compiler 'V5.06 update 6 (build 750)', folder: 'C:\Keil_v5\ARM\ARMCC\Bin'
Build target 'STM32G431_FOC_HID'
compiling IIC.c...
..\BSP\IIC.h(25): warning:  #1295-D: Deprecated declaration _iic_delay - give arg types
  void _iic_delay();
..\BSP\IIC.h(26): warning:  #1295-D: Deprecated declaration _SDA_Out - give arg types
  void _SDA_Out();
..\BSP\IIC.h(27): warning:  #1295-D: Deprecated declaration _SDA_In - give arg types
  void _SDA_In();
..\BSP\IIC.h(28): warning:  #1295-D: Deprecated declaration _SCL_High - give arg types
  void _SCL_High();
..\BSP\IIC.h(29): warning:  #1295-D: Deprecated declaration _SCL_Low - give arg types
  void _SCL_Low();
..\BSP\IIC.h(30): warning:  #1295-D: Deprecated declaration _SDA_Read - give arg types
  uint8_t _SDA_Read();
..\BSP\IIC.h(32): warning:  #1295-D: Deprecated declaration _SDA_High - give arg types
  void _SDA_High();
..\BSP\IIC.h(33): warning:  #1295-D: Deprecated declaration _SDA_Low - give arg types
  void _SDA_Low();
..\BSP\IIC.h(34): warning:  #1295-D: Deprecated declaration _IIC_Start - give arg types
  void _IIC_Start();
..\BSP\IIC.h(35): warning:  #1295-D: Deprecated declaration _IIC_Stop - give arg types
  void _IIC_Stop();
..\BSP\IIC.h(37): warning:  #1295-D: Deprecated declaration _IIC_Read - give arg types
  uint8_t _IIC_Read();
..\BSP\IIC.h(38): error:  #20: identifier "bool" is undefined
  bool _IIC_Ack();
..\BSP\IIC.h(38): warning:  #1295-D: Deprecated declaration _IIC_Ack - give arg types
  bool _IIC_Ack();
..\BSP\IIC.c(48): error:  #20: identifier "AS5600_CLK_GPIO_Port" is undefined
      HAL_GPIO_WritePin(_GPIO_CLK,_GPIO_Pin_CLK,GPIO_PIN_SET);
..\BSP\IIC.c(48): error:  #20: identifier "AS5600_CLK_Pin" is undefined
      HAL_GPIO_WritePin(_GPIO_CLK,_GPIO_Pin_CLK,GPIO_PIN_SET);
..\BSP\IIC.c(51): error:  #20: identifier "AS5600_CLK_GPIO_Port" is undefined
      HAL_GPIO_WritePin(_GPIO_CLK,_GPIO_Pin_CLK,GPIO_PIN_RESET);
..\BSP\IIC.c(51): error:  #20: identifier "AS5600_CLK_Pin" is undefined
      HAL_GPIO_WritePin(_GPIO_CLK,_GPIO_Pin_CLK,GPIO_PIN_RESET);
..\BSP\IIC.c(112): error:  #20: identifier "bool" is undefined
  bool _IIC_Ack(){
..\BSP\IIC.c(131): error:  #20: identifier "true" is undefined
              return true;
..\BSP\IIC.c(136): error:  #20: identifier "false" is undefined
      return false; //读取错误
..\BSP\IIC.c: 12 warnings, 8 errors
compiling FOC.c...
..\BSP\PWM.h(12): warning:  #1295-D: Deprecated declaration pwm_init - give arg types
  void pwm_init();
..\BSP\PWM.h(14): warning:  #1295-D: Deprecated declaration pwm_halt - give arg types
  void pwm_halt();
..\BSP\FOC.h(12): error:  #20: identifier "class" is undefined
  class FOC {
..\BSP\FOC.h(12): error:  #65: expected a ";"
  class FOC {
..\BSP\FOC.h(34): warning:  #12-D: parsing restarts here after previous syntax error
      PWM pwm;
..\BSP\FOC.h(37): error:  #77-D: this declaration has no storage class or type specifier
  private:
..\BSP\FOC.h(37): error:  #65: expected a ";"
  private:
..\BSP\FOC.h(46): error:  #77-D: this declaration has no storage class or type specifier
  private:
..\BSP\FOC.h(46): error:  #65: expected a ";"
  private:
..\BSP\FOC.h(58): error:  #169: expected a declaration
  };
..\BSP\FOC.c(9): error:  #77-D: this declaration has no storage class or type specifier
  FOC::FOC() {
..\BSP\FOC.c(9): error:  #65: expected a ";"
  FOC::FOC() {
..\BSP\FOC.c(83): warning:  #12-D: parsing restarts here after previous syntax error
          T6 = -K * U2;
..\BSP\FOC.c(84): error:  #169: expected a declaration
          if( T2 + T6 > Ts){
..\BSP\FOC.c(89): warning:  #12-D: parsing restarts here after previous syntax error
          T0 = (Ts - T2 - T6) / 2;
..\BSP\FOC.c(90): error:  #77-D: this declaration has no storage class or type specifier
          T7 = (Ts - T2 - T6) / 2;
..\BSP\FOC.c(90): error:  #147: declaration is incompatible with "float T7"  (declared at line 55 of "..\BSP\FOC.h")
          T7 = (Ts - T2 - T6) / 2;
..\BSP\FOC.c(90): error:  #28: expression must have a constant value
          T7 = (Ts - T2 - T6) / 2;
..\BSP\FOC.c(90): error:  #28: expression must have a constant value
          T7 = (Ts - T2 - T6) / 2;
..\BSP\FOC.c(90): error:  #28: expression must have a constant value
          T7 = (Ts - T2 - T6) / 2;
..\BSP\FOC.c(91): error:  #169: expected a declaration
      }
..\BSP\FOC.c(169): warning:  #12-D: parsing restarts here after previous syntax error
      pwm.update(Ta,Tb,Tc);
..\BSP\FOC.c(170): error:  #169: expected a declaration
  }
..\BSP\FOC.c(208): warning:  #1-D: last line of file ends without a newline
  }
..\BSP\FOC.c(208): warning: At end of source:  #12-D: parsing restarts here after previous syntax error
..\BSP\FOC.c: 8 warnings, 17 errors
compiling AppMain.c...
../BSP/PWM.h(12): warning:  #1295-D: Deprecated declaration pwm_init - give arg types
  void pwm_init();
../BSP/PWM.h(14): warning:  #1295-D: Deprecated declaration pwm_halt - give arg types
  void pwm_halt();
../BSP/FOC.h(12): error:  #20: identifier "class" is undefined
  class FOC {
../BSP/FOC.h(12): error:  #65: expected a ";"
  class FOC {
../BSP/FOC.h(34): warning:  #12-D: parsing restarts here after previous syntax error
      PWM pwm;
../BSP/FOC.h(37): error:  #77-D: this declaration has no storage class or type specifier
  private:
../BSP/FOC.h(37): error:  #65: expected a ";"
  private:
../BSP/FOC.h(46): error:  #77-D: this declaration has no storage class or type specifier
  private:
../BSP/FOC.h(46): error:  #65: expected a ";"
  private:
../BSP/FOC.h(58): error:  #169: expected a declaration
  };
..\UserApp\AppMain.c(17): warning:  #1035-D: single-precision operand implicitly converted to double-precision
  				  angle += 0.2;
..\UserApp\AppMain.c: 4 warnings, 7 errors
compiling AS5600.c...
..\BSP\IIC.h(25): warning:  #1295-D: Deprecated declaration _iic_delay - give arg types
  void _iic_delay();
..\BSP\IIC.h(26): warning:  #1295-D: Deprecated declaration _SDA_Out - give arg types
  void _SDA_Out();
..\BSP\IIC.h(27): warning:  #1295-D: Deprecated declaration _SDA_In - give arg types
  void _SDA_In();
..\BSP\IIC.h(28): warning:  #1295-D: Deprecated declaration _SCL_High - give arg types
  void _SCL_High();
..\BSP\IIC.h(29): warning:  #1295-D: Deprecated declaration _SCL_Low - give arg types
  void _SCL_Low();
..\BSP\IIC.h(30): warning:  #1295-D: Deprecated declaration _SDA_Read - give arg types
  uint8_t _SDA_Read();
..\BSP\IIC.h(32): warning:  #1295-D: Deprecated declaration _SDA_High - give arg types
  void _SDA_High();
..\BSP\IIC.h(33): warning:  #1295-D: Deprecated declaration _SDA_Low - give arg types
  void _SDA_Low();
..\BSP\IIC.h(34): warning:  #1295-D: Deprecated declaration _IIC_Start - give arg types
  void _IIC_Start();
..\BSP\IIC.h(35): warning:  #1295-D: Deprecated declaration _IIC_Stop - give arg types
  void _IIC_Stop();
..\BSP\IIC.h(37): warning:  #1295-D: Deprecated declaration _IIC_Read - give arg types
  uint8_t _IIC_Read();
..\BSP\IIC.h(38): error:  #20: identifier "bool" is undefined
  bool _IIC_Ack();
..\BSP\IIC.h(38): warning:  #1295-D: Deprecated declaration _IIC_Ack - give arg types
  bool _IIC_Ack();
..\BSP\AS5600.h(11): error:  #20: identifier "class" is undefined
  class AS5600{
..\BSP\AS5600.h(11): error:  #65: expected a ";"
  class AS5600{
..\BSP\AS5600.h(21): warning:  #12-D: parsing restarts here after previous syntax error
  };
..\BSP\AS5600.c(11): error:  #65: expected a ";"
  void AS5600::Init(GPIO_TypeDef *GPIO_CLK, GPIO_TypeDef *GPIO_SDA, uint16_t GPIO_Pin_CLK, uint16_t GPIO_Pin_SDA){
..\BSP\AS5600.c(24): warning: At end of source:  #12-D: parsing restarts here after previous syntax error
..\BSP\AS5600.c: 14 warnings, 4 errors
compiling PWM.c...
..\BSP\PWM.h(12): warning:  #1295-D: Deprecated declaration pwm_init - give arg types
  void pwm_init();
..\BSP\PWM.h(14): warning:  #1295-D: Deprecated declaration pwm_halt - give arg types
  void pwm_halt();
..\BSP\PWM.c(22): error:  #137: expression must be a modifiable lvalue
      Ta > 1 ? Ta = 0 : Ta = Ta;
..\BSP\PWM.c(23): error:  #137: expression must be a modifiable lvalue
      Ta < 0 ? Ta = 0 : Ta = Ta;
..\BSP\PWM.c(25): error:  #137: expression must be a modifiable lvalue
      Tb > 1 ? Tb = 0 : Tb = Tb;
..\BSP\PWM.c(26): error:  #137: expression must be a modifiable lvalue
      Tb < 0 ? Tb = 0 : Tb = Tb;
..\BSP\PWM.c(28): error:  #137: expression must be a modifiable lvalue
      Tc > 1 ? Tc = 0 : Tc = Tc;
..\BSP\PWM.c(29): error:  #137: expression must be a modifiable lvalue
      Tc < 0 ? Tc = 0 : Tc = Tc;
..\BSP\PWM.c(41): warning:  #1-D: last line of file ends without a newline
  }
..\BSP\PWM.c: 3 warnings, 6 errors
compiling WS2812Ring.c...
..\BSP\WS2812Ring.h(10): error:  #20: identifier "class" is undefined
  class WS2812Ring{
..\BSP\WS2812Ring.h(10): error:  #65: expected a ";"
  class WS2812Ring{
..\BSP\WS2812Ring.h(26): warning:  #12-D: parsing restarts here after previous syntax error
  };
..\BSP\WS2812Ring.c(6): error:  #77-D: this declaration has no storage class or type specifier
  WS2812Ring::WS2812Ring(){
..\BSP\WS2812Ring.c(6): error:  #65: expected a ";"
  WS2812Ring::WS2812Ring(){
..\BSP\WS2812Ring.c(60): warning:  #12-D: parsing restarts here after previous syntax error
  	__NOP();__NOP();__NOP();__NOP();__NOP();__NOP();__NOP();__NOP();__NOP();
..\BSP\WS2812Ring.c(60): warning:  #1295-D: Deprecated declaration __nop - give arg types
  	__NOP();__NOP();__NOP();__NOP();__NOP();__NOP();__NOP();__NOP();__NOP();
..\BSP\WS2812Ring.c(60): error:  #260-D: explicit type is missing ("int" assumed)
  	__NOP();__NOP();__NOP();__NOP();__NOP();__NOP();__NOP();__NOP();__NOP();
..\BSP\WS2812Ring.c(60): warning:  #2687-D: declaration hides built-in function "__nop" 
  	__NOP();__NOP();__NOP();__NOP();__NOP();__NOP();__NOP();__NOP();__NOP();
..\BSP\WS2812Ring.c(60): warning:  #1295-D: Deprecated declaration __nop - give arg types
  	__NOP();__NOP();__NOP();__NOP();__NOP();__NOP();__NOP();__NOP();__NOP();
..\BSP\WS2812Ring.c(60): error:  #260-D: explicit type is missing ("int" assumed)
  	__NOP();__NOP();__NOP();__NOP();__NOP();__NOP();__NOP();__NOP();__NOP();
..\BSP\WS2812Ring.c(60): warning:  #1295-D: Deprecated declaration __nop - give arg types
  	__NOP();__NOP();__NOP();__NOP();__NOP();__NOP();__NOP();__NOP();__NOP();
..\BSP\WS2812Ring.c(60): error:  #260-D: explicit type is missing ("int" assumed)
  	__NOP();__NOP();__NOP();__NOP();__NOP();__NOP();__NOP();__NOP();__NOP();
..\BSP\WS2812Ring.c(60): warning:  #1295-D: Deprecated declaration __nop - give arg types
  	__NOP();__NOP();__NOP();__NOP();__NOP();__NOP();__NOP();__NOP();__NOP();
..\BSP\WS2812Ring.c(60): error:  #260-D: explicit type is missing ("int" assumed)
  	__NOP();__NOP();__NOP();__NOP();__NOP();__NOP();__NOP();__NOP();__NOP();
..\BSP\WS2812Ring.c(60): warning:  #1295-D: Deprecated declaration __nop - give arg types
  	__NOP();__NOP();__NOP();__NOP();__NOP();__NOP();__NOP();__NOP();__NOP();
..\BSP\WS2812Ring.c(60): error:  #260-D: explicit type is missing ("int" assumed)
  	__NOP();__NOP();__NOP();__NOP();__NOP();__NOP();__NOP();__NOP();__NOP();
..\BSP\WS2812Ring.c(60): warning:  #1295-D: Deprecated declaration __nop - give arg types
  	__NOP();__NOP();__NOP();__NOP();__NOP();__NOP();__NOP();__NOP();__NOP();
..\BSP\WS2812Ring.c(60): error:  #260-D: explicit type is missing ("int" assumed)
  	__NOP();__NOP();__NOP();__NOP();__NOP();__NOP();__NOP();__NOP();__NOP();
..\BSP\WS2812Ring.c(60): warning:  #1295-D: Deprecated declaration __nop - give arg types
  	__NOP();__NOP();__NOP();__NOP();__NOP();__NOP();__NOP();__NOP();__NOP();
..\BSP\WS2812Ring.c(60): error:  #260-D: explicit type is missing ("int" assumed)
  	__NOP();__NOP();__NOP();__NOP();__NOP();__NOP();__NOP();__NOP();__NOP();
..\BSP\WS2812Ring.c(60): warning:  #1295-D: Deprecated declaration __nop - give arg types
  	__NOP();__NOP();__NOP();__NOP();__NOP();__NOP();__NOP();__NOP();__NOP();
..\BSP\WS2812Ring.c(60): error:  #260-D: explicit type is missing ("int" assumed)
  	__NOP();__NOP();__NOP();__NOP();__NOP();__NOP();__NOP();__NOP();__NOP();
..\BSP\WS2812Ring.c(61): warning:  #1295-D: Deprecated declaration __nop - give arg types
  	__NOP();__NOP();__NOP();__NOP();__NOP();__NOP();__NOP();__NOP();__NOP();
..\BSP\WS2812Ring.c(61): error:  #260-D: explicit type is missing ("int" assumed)
  	__NOP();__NOP();__NOP();__NOP();__NOP();__NOP();__NOP();__NOP();__NOP();
..\BSP\WS2812Ring.c(61): warning:  #1295-D: Deprecated declaration __nop - give arg types
  	__NOP();__NOP();__NOP();__NOP();__NOP();__NOP();__NOP();__NOP();__NOP();
..\BSP\WS2812Ring.c(61): error:  #260-D: explicit type is missing ("int" assumed)
  	__NOP();__NOP();__NOP();__NOP();__NOP();__NOP();__NOP();__NOP();__NOP();
..\BSP\WS2812Ring.c(61): warning:  #1295-D: Deprecated declaration __nop - give arg types
  	__NOP();__NOP();__NOP();__NOP();__NOP();__NOP();__NOP();__NOP();__NOP();
..\BSP\WS2812Ring.c(61): error:  #260-D: explicit type is missing ("int" assumed)
  	__NOP();__NOP();__NOP();__NOP();__NOP();__NOP();__NOP();__NOP();__NOP();
..\BSP\WS2812Ring.c(61): warning:  #1295-D: Deprecated declaration __nop - give arg types
  	__NOP();__NOP();__NOP();__NOP();__NOP();__NOP();__NOP();__NOP();__NOP();
..\BSP\WS2812Ring.c(61): error:  #260-D: explicit type is missing ("int" assumed)
  	__NOP();__NOP();__NOP();__NOP();__NOP();__NOP();__NOP();__NOP();__NOP();
..\BSP\WS2812Ring.c(61): warning:  #1295-D: Deprecated declaration __nop - give arg types
  	__NOP();__NOP();__NOP();__NOP();__NOP();__NOP();__NOP();__NOP();__NOP();
..\BSP\WS2812Ring.c(61): error:  #260-D: explicit type is missing ("int" assumed)
  	__NOP();__NOP();__NOP();__NOP();__NOP();__NOP();__NOP();__NOP();__NOP();
..\BSP\WS2812Ring.c(61): warning:  #1295-D: Deprecated declaration __nop - give arg types
  	__NOP();__NOP();__NOP();__NOP();__NOP();__NOP();__NOP();__NOP();__NOP();
..\BSP\WS2812Ring.c(61): error:  #260-D: explicit type is missing ("int" assumed)
  	__NOP();__NOP();__NOP();__NOP();__NOP();__NOP();__NOP();__NOP();__NOP();
..\BSP\WS2812Ring.c(61): warning:  #1295-D: Deprecated declaration __nop - give arg types
  	__NOP();__NOP();__NOP();__NOP();__NOP();__NOP();__NOP();__NOP();__NOP();
..\BSP\WS2812Ring.c(61): error:  #260-D: explicit type is missing ("int" assumed)
  	__NOP();__NOP();__NOP();__NOP();__NOP();__NOP();__NOP();__NOP();__NOP();
..\BSP\WS2812Ring.c(61): warning:  #1295-D: Deprecated declaration __nop - give arg types
  	__NOP();__NOP();__NOP();__NOP();__NOP();__NOP();__NOP();__NOP();__NOP();
..\BSP\WS2812Ring.c(61): error:  #260-D: explicit type is missing ("int" assumed)
  	__NOP();__NOP();__NOP();__NOP();__NOP();__NOP();__NOP();__NOP();__NOP();
..\BSP\WS2812Ring.c(61): warning:  #1295-D: Deprecated declaration __nop - give arg types
  	__NOP();__NOP();__NOP();__NOP();__NOP();__NOP();__NOP();__NOP();__NOP();
..\BSP\WS2812Ring.c(61): error:  #260-D: explicit type is missing ("int" assumed)
  	__NOP();__NOP();__NOP();__NOP();__NOP();__NOP();__NOP();__NOP();__NOP();
..\BSP\WS2812Ring.c(62): warning:  #1295-D: Deprecated declaration __nop - give arg types
  	__NOP();__NOP();__NOP();__NOP();__NOP();__NOP();__NOP();__NOP();__NOP();
..\BSP\WS2812Ring.c(62): error:  #260-D: explicit type is missing ("int" assumed)
  	__NOP();__NOP();__NOP();__NOP();__NOP();__NOP();__NOP();__NOP();__NOP();
..\BSP\WS2812Ring.c(62): warning:  #1295-D: Deprecated declaration __nop - give arg types
  	__NOP();__NOP();__NOP();__NOP();__NOP();__NOP();__NOP();__NOP();__NOP();
..\BSP\WS2812Ring.c(62): error:  #260-D: explicit type is missing ("int" assumed)
  	__NOP();__NOP();__NOP();__NOP();__NOP();__NOP();__NOP();__NOP();__NOP();
..\BSP\WS2812Ring.c(62): warning:  #1295-D: Deprecated declaration __nop - give arg types
  	__NOP();__NOP();__NOP();__NOP();__NOP();__NOP();__NOP();__NOP();__NOP();
..\BSP\WS2812Ring.c(62): error:  #260-D: explicit type is missing ("int" assumed)
  	__NOP();__NOP();__NOP();__NOP();__NOP();__NOP();__NOP();__NOP();__NOP();
..\BSP\WS2812Ring.c(62): warning:  #1295-D: Deprecated declaration __nop - give arg types
  	__NOP();__NOP();__NOP();__NOP();__NOP();__NOP();__NOP();__NOP();__NOP();
..\BSP\WS2812Ring.c(62): error:  #260-D: explicit type is missing ("int" assumed)
  	__NOP();__NOP();__NOP();__NOP();__NOP();__NOP();__NOP();__NOP();__NOP();
..\BSP\WS2812Ring.c(62): warning:  #1295-D: Deprecated declaration __nop - give arg types
  	__NOP();__NOP();__NOP();__NOP();__NOP();__NOP();__NOP();__NOP();__NOP();
..\BSP\WS2812Ring.c(62): error:  #260-D: explicit type is missing ("int" assumed)
  	__NOP();__NOP();__NOP();__NOP();__NOP();__NOP();__NOP();__NOP();__NOP();
..\BSP\WS2812Ring.c(62): warning:  #1295-D: Deprecated declaration __nop - give arg types
  	__NOP();__NOP();__NOP();__NOP();__NOP();__NOP();__NOP();__NOP();__NOP();
..\BSP\WS2812Ring.c(62): error:  #260-D: explicit type is missing ("int" assumed)
  	__NOP();__NOP();__NOP();__NOP();__NOP();__NOP();__NOP();__NOP();__NOP();
..\BSP\WS2812Ring.c(62): warning:  #1295-D: Deprecated declaration __nop - give arg types
  	__NOP();__NOP();__NOP();__NOP();__NOP();__NOP();__NOP();__NOP();__NOP();
..\BSP\WS2812Ring.c(62): error:  #260-D: explicit type is missing ("int" assumed)
  	__NOP();__NOP();__NOP();__NOP();__NOP();__NOP();__NOP();__NOP();__NOP();
..\BSP\WS2812Ring.c(62): warning:  #1295-D: Deprecated declaration __nop - give arg types
  	__NOP();__NOP();__NOP();__NOP();__NOP();__NOP();__NOP();__NOP();__NOP();
..\BSP\WS2812Ring.c(62): error:  #260-D: explicit type is missing ("int" assumed)
  	__NOP();__NOP();__NOP();__NOP();__NOP();__NOP();__NOP();__NOP();__NOP();
..\BSP\WS2812Ring.c(62): warning:  #1295-D: Deprecated declaration __nop - give arg types
  	__NOP();__NOP();__NOP();__NOP();__NOP();__NOP();__NOP();__NOP();__NOP();
..\BSP\WS2812Ring.c(62): error:  #260-D: explicit type is missing ("int" assumed)
  	__NOP();__NOP();__NOP();__NOP();__NOP();__NOP();__NOP();__NOP();__NOP();
..\BSP\WS2812Ring.c: 29 warnings, 30 errors
"STM32G431_FOC_HID\STM32G431_FOC_HID.axf" - 72 Error(s), 70 Warning(s).
Target not created.
Build Time Elapsed:  00:00:06
